starting worker pid=26924 on localhost:11327 at 07:45:49.044
starting worker pid=14500 on localhost:11327 at 07:45:49.211
starting worker pid=18504 on localhost:11327 at 07:45:49.403
Warning: namespace 'intmed' is not available and has been replaced
by .GlobalEnv when processing object ''
Loading required package: intmed
Warning: namespace 'intmed' is not available and has been replaced
by .GlobalEnv when processing object ''
Loading required package: intmed
Warning: namespace 'intmed' is not available and has been replaced
by .GlobalEnv when processing object ''
Loading required package: intmed
starting worker pid=27744 on localhost:11327 at 07:46:03.466
starting worker pid=27748 on localhost:11327 at 07:46:03.638
starting worker pid=27772 on localhost:11327 at 07:46:03.790
Warning: namespace 'intmed' is not available and has been replaced
by .GlobalEnv when processing object ''
Loading required package: intmed
Warning: namespace 'intmed' is not available and has been replaced
by .GlobalEnv when processing object ''
Loading required package: intmed
Warning: namespace 'intmed' is not available and has been replaced
by .GlobalEnv when processing object ''
Loading required package: intmed
starting worker pid=29652 on localhost:11327 at 07:46:18.609
starting worker pid=29672 on localhost:11327 at 07:46:18.775
starting worker pid=29720 on localhost:11327 at 07:46:18.933
Warning: namespace 'intmed' is not available and has been replaced
by .GlobalEnv when processing object ''
Loading required package: intmed
Warning: namespace 'intmed' is not available and has been replaced
by .GlobalEnv when processing object ''
Loading required package: intmed
Warning: namespace 'intmed' is not available and has been replaced
by .GlobalEnv when processing object ''
Loading required package: intmed
starting worker pid=28432 on localhost:11327 at 07:46:34.354
starting worker pid=28112 on localhost:11327 at 07:46:34.511
starting worker pid=28324 on localhost:11327 at 07:46:34.664
Warning: namespace 'intmed' is not available and has been replaced
by .GlobalEnv when processing object ''
Loading required package: intmed
Warning: namespace 'intmed' is not available and has been replaced
by .GlobalEnv when processing object ''
Loading required package: intmed
Warning: namespace 'intmed' is not available and has been replaced
by .GlobalEnv when processing object ''
Loading required package: intmed
starting worker pid=30700 on localhost:11327 at 07:46:49.502
starting worker pid=27536 on localhost:11327 at 07:46:49.656
starting worker pid=30716 on localhost:11327 at 07:46:49.809
Warning: namespace 'intmed' is not available and has been replaced
by .GlobalEnv when processing object ''
Loading required package: intmed
Warning: namespace 'intmed' is not available and has been replaced
by .GlobalEnv when processing object ''
Loading required package: intmed
Warning: namespace 'intmed' is not available and has been replaced
by .GlobalEnv when processing object ''
Loading required package: intmed
starting worker pid=1368 on localhost:11327 at 07:58:02.468
starting worker pid=2940 on localhost:11327 at 07:58:02.647
starting worker pid=24044 on localhost:11327 at 07:58:02.824
Warning: namespace 'intmed' is not available and has been replaced
by .GlobalEnv when processing object ''
Loading required package: intmed
Warning: namespace 'intmed' is not available and has been replaced
by .GlobalEnv when processing object ''
Loading required package: intmed
Warning: namespace 'intmed' is not available and has been replaced
by .GlobalEnv when processing object ''
Loading required package: intmed
starting worker pid=12088 on localhost:11327 at 07:58:18.310
starting worker pid=26220 on localhost:11327 at 07:58:18.463
starting worker pid=26140 on localhost:11327 at 07:58:18.619
Warning: namespace 'intmed' is not available and has been replaced
by .GlobalEnv when processing object ''
Loading required package: intmed
Warning: namespace 'intmed' is not available and has been replaced
by .GlobalEnv when processing object ''
Loading required package: intmed
Warning: namespace 'intmed' is not available and has been replaced
by .GlobalEnv when processing object ''
Loading required package: intmed
starting worker pid=26372 on localhost:11327 at 07:58:32.276
starting worker pid=26296 on localhost:11327 at 07:58:32.429
starting worker pid=26292 on localhost:11327 at 07:58:32.585
Warning: namespace 'intmed' is not available and has been replaced
by .GlobalEnv when processing object ''
Loading required package: intmed
Warning: namespace 'intmed' is not available and has been replaced
by .GlobalEnv when processing object ''
Loading required package: intmed
Warning: namespace 'intmed' is not available and has been replaced
by .GlobalEnv when processing object ''
Loading required package: intmed
starting worker pid=7436 on localhost:11327 at 07:58:46.951
starting worker pid=26464 on localhost:11327 at 07:58:47.123
starting worker pid=26448 on localhost:11327 at 07:58:47.279
Warning: namespace 'intmed' is not available and has been replaced
by .GlobalEnv when processing object ''
Loading required package: intmed
Warning: namespace 'intmed' is not available and has been replaced
by .GlobalEnv when processing object ''
Loading required package: intmed
Warning: namespace 'intmed' is not available and has been replaced
by .GlobalEnv when processing object ''
Loading required package: intmed
starting worker pid=26788 on localhost:11327 at 07:59:01.775
starting worker pid=26780 on localhost:11327 at 07:59:01.931
starting worker pid=26764 on localhost:11327 at 07:59:02.096
Warning: namespace 'intmed' is not available and has been replaced
by .GlobalEnv when processing object ''
Loading required package: intmed
Warning: namespace 'intmed' is not available and has been replaced
by .GlobalEnv when processing object ''
Loading required package: intmed
Warning: namespace 'intmed' is not available and has been replaced
by .GlobalEnv when processing object ''
Loading required package: intmed
starting worker pid=20028 on localhost:11327 at 08:01:38.718
starting worker pid=22940 on localhost:11327 at 08:01:38.863
starting worker pid=13544 on localhost:11327 at 08:01:39.009
Warning: namespace 'intmed' is not available and has been replaced
by .GlobalEnv when processing object ''
Loading required package: intmed
Warning: namespace 'intmed' is not available and has been replaced
by .GlobalEnv when processing object ''
Loading required package: intmed
Warning: namespace 'intmed' is not available and has been replaced
by .GlobalEnv when processing object ''
Loading required package: intmed
starting worker pid=30236 on localhost:11327 at 08:01:51.639
starting worker pid=10236 on localhost:11327 at 08:01:51.792
starting worker pid=31968 on localhost:11327 at 08:01:51.948
Warning: namespace 'intmed' is not available and has been replaced
by .GlobalEnv when processing object ''
Loading required package: intmed
Warning: namespace 'intmed' is not available and has been replaced
by .GlobalEnv when processing object ''
Loading required package: intmed
Warning: namespace 'intmed' is not available and has been replaced
by .GlobalEnv when processing object ''
Loading required package: intmed
starting worker pid=32112 on localhost:11327 at 08:02:04.581
starting worker pid=31428 on localhost:11327 at 08:02:04.737
starting worker pid=32204 on localhost:11327 at 08:02:04.890
Warning: namespace 'intmed' is not available and has been replaced
by .GlobalEnv when processing object ''
Loading required package: intmed
Warning: namespace 'intmed' is not available and has been replaced
by .GlobalEnv when processing object ''
Loading required package: intmed
Warning: namespace 'intmed' is not available and has been replaced
by .GlobalEnv when processing object ''
Loading required package: intmed
starting worker pid=32308 on localhost:11327 at 08:02:19.301
starting worker pid=9836 on localhost:11327 at 08:02:19.470
starting worker pid=32248 on localhost:11327 at 08:02:19.628
Warning: namespace 'intmed' is not available and has been replaced
by .GlobalEnv when processing object ''
Loading required package: intmed
Warning: namespace 'intmed' is not available and has been replaced
by .GlobalEnv when processing object ''
Loading required package: intmed
Warning: namespace 'intmed' is not available and has been replaced
by .GlobalEnv when processing object ''
Loading required package: intmed
starting worker pid=29668 on localhost:11327 at 08:02:34.377
starting worker pid=20856 on localhost:11327 at 08:02:34.546
starting worker pid=32228 on localhost:11327 at 08:02:34.709
Warning: namespace 'intmed' is not available and has been replaced
by .GlobalEnv when processing object ''
Loading required package: intmed
Warning: namespace 'intmed' is not available and has been replaced
by .GlobalEnv when processing object ''
Loading required package: intmed
Warning: namespace 'intmed' is not available and has been replaced
by .GlobalEnv when processing object ''
Loading required package: intmed
starting worker pid=7220 on localhost:11327 at 08:14:45.368
starting worker pid=25332 on localhost:11327 at 08:14:45.521
starting worker pid=436 on localhost:11327 at 08:14:45.663
Warning: namespace 'intmed' is not available and has been replaced
by .GlobalEnv when processing object ''
Loading required package: intmed
Warning: namespace 'intmed' is not available and has been replaced
by .GlobalEnv when processing object ''
Loading required package: intmed
Warning: namespace 'intmed' is not available and has been replaced
by .GlobalEnv when processing object ''
Loading required package: intmed
starting worker pid=19772 on localhost:11327 at 08:15:45.338
starting worker pid=27236 on localhost:11327 at 08:15:45.494
starting worker pid=20784 on localhost:11327 at 08:15:45.642
Warning: namespace 'intmed' is not available and has been replaced
by .GlobalEnv when processing object ''
Loading required package: intmed
Warning: namespace 'intmed' is not available and has been replaced
by .GlobalEnv when processing object ''
Loading required package: intmed
Warning: namespace 'intmed' is not available and has been replaced
by .GlobalEnv when processing object ''
Loading required package: intmed
Warning message:
In library(package, lib.loc = lib.loc, character.only = TRUE, logical.return = TRUE,  :
  there is no package called 'intmed'
In library(package, lib.loc = lib.loc, character.only = TRUE, logical.return = TRUE,  :
  there is no package called 'intmed'
starting worker pid=25980 on localhost:11327 at 08:15:58.712
starting worker pid=25828 on localhost:11327 at 08:15:58.868
starting worker pid=1672 on localhost:11327 at 08:15:59.010
Warning: namespace 'intmed' is not available and has been replaced
by .GlobalEnv when processing object ''
Loading required package: intmed
Warning: namespace 'intmed' is not available and has been replaced
by .GlobalEnv when processing object ''
Loading required package: intmed
Warning: namespace 'intmed' is not available and has been replaced
by .GlobalEnv when processing object ''
Loading required package: intmed
Warning message:
In library(package, lib.loc = lib.loc, character.only = TRUE, logical.return = TRUE,  :
  there is no package called 'intmed'
In library(package, lib.loc = lib.loc, character.only = TRUE, logical.return = TRUE,  :
  there is no package called 'intmed'
starting worker pid=9912 on localhost:11327 at 08:16:13.248
starting worker pid=30156 on localhost:11327 at 08:16:13.413
starting worker pid=30100 on localhost:11327 at 08:16:13.599
Warning: namespace 'intmed' is not available and has been replaced
by .GlobalEnv when processing object ''
Loading required package: intmed
Warning: namespace 'intmed' is not available and has been replaced
by .GlobalEnv when processing object ''
Loading required package: intmed
Warning: namespace 'intmed' is not available and has been replaced
by .GlobalEnv when processing object ''
Loading required package: intmed
Warning message:
In library(package, lib.loc = lib.loc, character.only = TRUE, logical.return = TRUE,  :
  there is no package called 'intmed'

 ning message:
 there is no package called 'intmed'
In library(package, lib.loc = lib.loc, character.only = TRUE, logical.return = TRUE,  :
  there is no package called 'intmed'
starting worker pid=28180 on localhost:11327 at 08:16:28.317
starting worker pid=27992 on localhost:11327 at 08:16:28.521
starting worker pid=27576 on localhost:11327 at 08:16:28.678
Warning: namespace 'intmed' is not available and has been replaced
by .GlobalEnv when processing object ''
Loading required package: intmed
Warning: namespace 'intmed' is not available and has been replaced
by .GlobalEnv when processing object ''
Loading required package: intmed
Warning: namespace 'intmed' is not available and has been replaced
by .GlobalEnv when processing object ''
Loading required package: intmed
Warning message:
Warning message:
In library(package, lib.loc = lib.loc, character.only = TRUE, logical.return = TRUE,  :
 library(package, lib.loc = lib.loc, character.only = TRUE, logical.return = TRUE,  : there is no package called 'intmed'
Warning message:
 there is no package called 'intmed'
In library(package, lib.loc = lib.loc, character.only = TRUE, logical.return = TRUE,  :
  there is no package called 'intmed'
starting worker pid=12704 on localhost:11327 at 08:16:43.788
starting worker pid=3296 on localhost:11327 at 08:16:43.944
starting worker pid=29816 on localhost:11327 at 08:16:44.137
Warning: namespace 'intmed' is not available and has been replaced
by .GlobalEnv when processing object ''
Loading required package: intmed
Warning: namespace 'intmed' is not available and has been replaced
by .GlobalEnv when processing object ''
Loading required package: intmed
Warning: namespace 'intmed' is not available and has been replaced
by .GlobalEnv when processing object ''
Loading required package: intmed
Warning message:
Warning message:
In library(package, lib.loc = lib.loc, character.only = TRUE, logical.return = TRUE,  :
 In library(package, lib.loc = lib.loc, character.only = TRUE, logical.return = TRUE,  : there is no package called 'intmed'

  there is no package called 'intmed'
Warning message:
In library(package, lib.loc = lib.loc, character.only = TRUE, logical.return = TRUE,  :
  there is no package called 'intmed'
Error in unserialize(node$con) : error reading from connection
Calls: <Anonymous> ... doTryCatch -> recvData -> recvData.SOCKnode -> unserialize
In addition: Warning message:
In library(package, lib.loc = lib.loc, character.only = TRUE, logical.return = TRUE,  :
  there is no package called 'intmed'
Execution halted
Error in unserialize(node$con) : error reading from connection
Calls: <Anonymous> ... doTryCatch -> recvData -> recvData.SOCKnode -> unserialize
In addition: Warning message:
In library(package, lib.loc = lib.loc, character.only = TRUE, logical.return = TRUE,  :
  there is no package called 'intmed'
Execution halted
Error in unserialize(node$con) : error reading from connection
Calls: <Anonymous> ... doTryCatch -> recvData -> recvData.SOCKnode -> unserialize
In addition: Warning message:
In library(package, lib.loc = lib.loc, character.only = TRUE, logical.return = TRUE,  :
  there is no package called 'intmed'
Execution halted
starting worker pid=18240 on localhost:11327 at 08:19:22.448
starting worker pid=32844 on localhost:11327 at 08:19:22.600
starting worker pid=31072 on localhost:11327 at 08:19:22.757
Warning: namespace 'intmed' is not available and has been replaced
by .GlobalEnv when processing object ''
Loading required package: intmed
Warning: namespace 'intmed' is not available and has been replaced
by .GlobalEnv when processing object ''
Loading required package: intmed
Warning: namespace 'intmed' is not available and has been replaced
by .GlobalEnv when processing object ''
Loading required package: intmed
Warning message:
Warning message:
In library(package, lib.loc = lib.loc, character.only = TRUE, logical.return = TRUE,  :
 In library(package, lib.loc = lib.loc, character.only = TRUE, logical.return = TRUE,  :Warning message:

  there is no package called 'intmed'
In library(package, lib.loc = lib.loc, character.only = TRUE, logical.return = TRUE,  :
  there is no package called 'intmed'
starting worker pid=33472 on localhost:11327 at 08:19:35.279
starting worker pid=2308 on localhost:11327 at 08:19:35.451
starting worker pid=11164 on localhost:11327 at 08:19:35.591
Warning: namespace 'intmed' is not available and has been replaced
by .GlobalEnv when processing object ''
Loading required package: intmed
Warning: namespace 'intmed' is not available and has been replaced
by .GlobalEnv when processing object ''
Loading required package: intmed
Warning: namespace 'intmed' is not available and has been replaced
by .GlobalEnv when processing object ''
Loading required package: intmed
Warning message:
Warning message:
In library(package, lib.loc = lib.loc, character.only = TRUE, logical.return = TRUE,  :
  there is no package called 'intmed'
In library(package, lib.loc = lib.loc, character.only = TRUE, logical.return = TRUE,  :
 ning message:
 there is no package called 'intmed'
In library(package, lib.loc = lib.loc, character.only = TRUE, logical.return = TRUE,  :
  there is no package called 'intmed'
starting worker pid=4576 on localhost:11327 at 08:19:48.678
starting worker pid=33356 on localhost:11327 at 08:19:48.962
starting worker pid=31340 on localhost:11327 at 08:19:49.196
Warning: namespace 'intmed' is not available and has been replaced
by .GlobalEnv when processing object ''
Loading required package: intmed
Warning: namespace 'intmed' is not available and has been replaced
by .GlobalEnv when processing object ''
Loading required package: intmed
Warning: namespace 'intmed' is not available and has been replaced
by .GlobalEnv when processing object ''
Loading required package: intmed
Warning message:
In library(packageIn library(package, lib.loc = lib.loc, character.only = TRUE, logical.return = TRUE,  :
  there is no package called 'intmed'
In library(package, lib.loc = lib.loc, character.only = TRUE, logical.return = TRUE,  :
  there is no package called 'intmed'
starting worker pid=6900 on localhost:11327 at 08:20:04.517
starting worker pid=11672 on localhost:11327 at 08:20:04.732
starting worker pid=14292 on localhost:11327 at 08:20:04.888
Warning: namespace 'intmed' is not available and has been replaced
by .GlobalEnv when processing object ''
Loading required package: intmed
Warning: namespace 'intmed' is not available and has been replaced
by .GlobalEnv when processing object ''
Loading required package: intmed
Warning: namespace 'intmed' is not available and has been replaced
by .GlobalEnv when processing object ''
Loading required package: intmed
Warning message:
In library(package, lib.loc = lib.loc, character.only = TRUE, logical.return = TRUE,  :In library(package, lib.loc = lib.loc, character.only = TRUE, logical.return = TRUE,  :
 
 Warning message:
ge called 'intmed'
 there is no package called 'intmed'
In library(package, lib.loc = lib.loc, character.only = TRUE, logical.return = TRUE,  :
  there is no package called 'intmed'
starting worker pid=33096 on localhost:11327 at 08:20:19.779
starting worker pid=19784 on localhost:11327 at 08:20:19.932
starting worker pid=6624 on localhost:11327 at 08:20:20.134
Warning: namespace 'intmed' is not available and has been replaced
by .GlobalEnv when processing object ''
Loading required package: intmed
Warning: namespace 'intmed' is not available and has been replaced
by .GlobalEnv when processing object ''
Loading required package: intmed
Warning: namespace 'intmed' is not available and has been replaced
by .GlobalEnv when processing object ''
Loading required package: intmed
Warning message:
Warning message:
In library(package, lib.loc = lib.loc, character.only = TRUE, logical.return = TRUE,  :
  there is no package called 'intmed'
Warning message:
, lib.loc = lib.loc, character.only = TRUE, logical.return = TRUE,  :
  there is no package called 'intmed'
In library(package, lib.loc = lib.loc, character.only = TRUE, logical.return = TRUE,  :
  there is no package called 'intmed'
Error in unserialize(node$con) : error reading from connection
Calls: <Anonymous> ... doTryCatch -> recvData -> recvData.SOCKnode -> unserialize
In addition: Warning message:
In library(package, lib.loc = lib.loc, character.only = TRUE, logical.return = TRUE,  :
  there is no package called 'intmed'
Execution halted
Error in unserialize(node$con) : error reading from connection
Calls: <Anonymous> ... doTryCatch -> recvData -> recvData.SOCKnode -> unserialize
In addition: Warning message:
In library(package, lib.loc = lib.loc, character.only = TRUE, logical.return = TRUE,  :
  there is no package called 'intmed'
Execution halted
Error in unserialize(node$con) : error reading from connection
Calls: <Anonymous> ... doTryCatch -> recvData -> recvData.SOCKnode -> unserialize
In addition: Warning message:
In library(package, lib.loc = lib.loc, character.only = TRUE, logical.return = TRUE,  :
  there is no package called 'intmed'
Execution halted
Error in unserialize(node$con) : error reading from connection
Calls: <Anonymous> ... doTryCatch -> recvData -> recvData.SOCKnode -> unserialize
In addition: Warning message:
In library(package, lib.loc = lib.loc, character.only = TRUE, logical.return = TRUE,  :
  there is no package called 'intmed'
Execution halted
Error in unserialize(node$con) : error reading from connection
Calls: <Anonymous> ... doTryCatch -> recvData -> recvData.SOCKnode -> unserialize
In addition: Warning message:
In library(package, lib.loc = lib.loc, character.only = TRUE, logical.return = TRUE,  :
  there is no package called 'intmed'
Execution halted
Error in unserialize(node$con) : error reading from connection
Calls: <Anonymous> ... doTryCatch -> recvData -> recvData.SOCKnode -> unserialize
In addition: Warning message:
In library(package, lib.loc = lib.loc, character.only = TRUE, logical.return = TRUE,  :
  there is no package called 'intmed'
Execution halted
Error in unserialize(node$con) : error reading from connection
Calls: <Anonymous> ... doTryCatch -> recvData -> recvData.SOCKnode -> unserialize
In addition: Warning message:
In library(package, lib.loc = lib.loc, character.only = TRUE, logical.return = TRUE,  :
  there is no package called 'intmed'
Execution halted
Error in unserialize(node$con) : error reading from connection
Calls: <Anonymous> ... doTryCatch -> recvData -> recvData.SOCKnode -> unserialize
In addition: Warning message:
In library(package, lib.loc = lib.loc, character.only = TRUE, logical.return = TRUE,  :
  there is no package called 'intmed'
Execution halted
Error in unserialize(node$con) : error reading from connection
Calls: <Anonymous> ... doTryCatch -> recvData -> recvData.SOCKnode -> unserialize
In addition: Warning message:
In library(package, lib.loc = lib.loc, character.only = TRUE, logical.return = TRUE,  :
  there is no package called 'intmed'
Execution halted
Error in unserialize(node$con) : error reading from connection
Calls: <Anonymous> ... doTryCatch -> recvData -> recvData.SOCKnode -> unserialize
In addition: Warning message:
In library(package, lib.loc = lib.loc, character.only = TRUE, logical.return = TRUE,  :
  there is no package called 'intmed'
Execution halted
Error in unserialize(node$con) : error reading from connection
Calls: <Anonymous> ... doTryCatch -> recvData -> recvData.SOCKnode -> unserialize
In addition: Warning message:
In library(package, lib.loc = lib.loc, character.only = TRUE, logical.return = TRUE,  :
  there is no package called 'intmed'
Execution halted
Error in unserialize(node$con) : error reading from connection
Calls: <Anonymous> ... doTryCatch -> recvData -> recvData.SOCKnode -> unserialize
In addition: Warning message:
In library(package, lib.loc = lib.loc, character.only = TRUE, logical.return = TRUE,  :
  there is no package called 'intmed'
Execution halted
Error in unserialize(node$con) : error reading from connection
Calls: <Anonymous> ... doTryCatch -> recvData -> recvData.SOCKnode -> unserialize
In addition: Warning message:
In library(package, lib.loc = lib.loc, character.only = TRUE, logical.return = TRUE,  :
  there is no package called 'intmed'
Execution halted
Error in unserialize(node$con) : error reading from connection
Calls: <Anonymous> ... doTryCatch -> recvData -> recvData.SOCKnode -> unserialize
In addition: Warning message:
In library(package, lib.loc = lib.loc, character.only = TRUE, logical.return = TRUE,  :
  there is no package called 'intmed'
Execution halted
Error in unserialize(node$con) : error reading from connection
Calls: <Anonymous> ... doTryCatch -> recvData -> recvData.SOCKnode -> unserialize
In addition: Warning message:
In library(package, lib.loc = lib.loc, character.only = TRUE, logical.return = TRUE,  :
  there is no package called 'intmed'
Execution halted
Error in unserialize(node$con) : error reading from connection
Calls: <Anonymous> ... doTryCatch -> recvData -> recvData.SOCKnode -> unserialize
In addition: Warning message:
In library(package, lib.loc = lib.loc, character.only = TRUE, logical.return = TRUE,  :
  there is no package called 'intmed'
Execution halted
Error in unserialize(node$con) : error reading from connection
Calls: <Anonymous> ... doTryCatch -> recvData -> recvData.SOCKnode -> unserialize
In addition: Warning message:
In library(package, lib.loc = lib.loc, character.only = TRUE, logical.return = TRUE,  :
  there is no package called 'intmed'
Execution halted
Error in unserialize(node$con) : error reading from connection
Calls: <Anonymous> ... doTryCatch -> recvData -> recvData.SOCKnode -> unserialize
In addition: Warning message:
In library(package, lib.loc = lib.loc, character.only = TRUE, logical.return = TRUE,  :
  there is no package called 'intmed'
Execution halted
Error in unserialize(node$con) : error reading from connection
Calls: <Anonymous> ... doTryCatch -> recvData -> recvData.SOCKnode -> unserialize
In addition: Warning message:
In library(package, lib.loc = lib.loc, character.only = TRUE, logical.return = TRUE,  :
  there is no package called 'intmed'
Execution halted
Error in unserialize(node$con) : error reading from connection
Calls: <Anonymous> ... doTryCatch -> recvData -> recvData.SOCKnode -> unserialize
In addition: Warning message:
In library(package, lib.loc = lib.loc, character.only = TRUE, logical.return = TRUE,  :
  there is no package called 'intmed'
Execution halted
Error in unserialize(node$con) : error reading from connection
Calls: <Anonymous> ... doTryCatch -> recvData -> recvData.SOCKnode -> unserialize
In addition: Warning message:
In library(package, lib.loc = lib.loc, character.only = TRUE, logical.return = TRUE,  :
  there is no package called 'intmed'
Execution halted
Error in unserialize(node$con) : error reading from connection
Calls: <Anonymous> ... doTryCatch -> recvData -> recvData.SOCKnode -> unserialize
In addition: Warning message:
In library(package, lib.loc = lib.loc, character.only = TRUE, logical.return = TRUE,  :
  there is no package called 'intmed'
Execution halted
Error in unserialize(node$con) : error reading from connection
Calls: <Anonymous> ... doTryCatch -> recvData -> recvData.SOCKnode -> unserialize
In addition: Warning message:
In library(package, lib.loc = lib.loc, character.only = TRUE, logical.return = TRUE,  :
  there is no package called 'intmed'
Execution halted
Error in unserialize(node$con) : error reading from connection
Calls: <Anonymous> ... doTryCatch -> recvData -> recvData.SOCKnode -> unserialize
In addition: Warning message:
In library(package, lib.loc = lib.loc, character.only = TRUE, logical.return = TRUE,  :
  there is no package called 'intmed'
Execution halted
Error in unserialize(node$con) : error reading from connection
Calls: <Anonymous> ... doTryCatch -> recvData -> recvData.SOCKnode -> unserialize
In addition: Warning message:
In library(package, lib.loc = lib.loc, character.only = TRUE, logical.return = TRUE,  :
  there is no package called 'intmed'
Execution halted
Error in unserialize(node$con) : error reading from connection
Calls: <Anonymous> ... doTryCatch -> recvData -> recvData.SOCKnode -> unserialize
In addition: Warning message:
In library(package, lib.loc = lib.loc, character.only = TRUE, logical.return = TRUE,  :
  there is no package called 'intmed'
Execution halted
Error in unserialize(node$con) : error reading from connection
Calls: <Anonymous> ... doTryCatch -> recvData -> recvData.SOCKnode -> unserialize
In addition: Warning message:
In library(package, lib.loc = lib.loc, character.only = TRUE, logical.return = TRUE,  :
  there is no package called 'intmed'
Execution halted
Error in unserialize(node$con) : error reading from connection
Calls: <Anonymous> ... doTryCatch -> recvData -> recvData.SOCKnode -> unserialize
In addition: Warning message:
In library(package, lib.loc = lib.loc, character.only = TRUE, logical.return = TRUE,  :
  there is no package called 'intmed'
Execution halted
Error in unserialize(node$con) : error reading from connection
Calls: <Anonymous> ... doTryCatch -> recvData -> recvData.SOCKnode -> unserialize
In addition: Warning message:
In library(package, lib.loc = lib.loc, character.only = TRUE, logical.return = TRUE,  :
  there is no package called 'intmed'
Execution halted
Error in unserialize(node$con) : error reading from connection
Calls: <Anonymous> ... doTryCatch -> recvData -> recvData.SOCKnode -> unserialize
In addition: Warning message:
In library(package, lib.loc = lib.loc, character.only = TRUE, logical.return = TRUE,  :
  there is no package called 'intmed'
Execution halted
Error in unserialize(node$con) : error reading from connection
Calls: <Anonymous> ... doTryCatch -> recvData -> recvData.SOCKnode -> unserialize
In addition: Warning message:
In library(package, lib.loc = lib.loc, character.only = TRUE, logical.return = TRUE,  :
  there is no package called 'intmed'
Execution halted
Error in unserialize(node$con) : error reading from connection
Calls: <Anonymous> ... doTryCatch -> recvData -> recvData.SOCKnode -> unserialize
In addition: Warning message:
In library(package, lib.loc = lib.loc, character.only = TRUE, logical.return = TRUE,  :
  there is no package called 'intmed'
Execution halted
Error in unserialize(node$con) : error reading from connection
Calls: <Anonymous> ... doTryCatch -> recvData -> recvData.SOCKnode -> unserialize
In addition: Warning message:
In library(package, lib.loc = lib.loc, character.only = TRUE, logical.return = TRUE,  :
  there is no package called 'intmed'
Execution halted
Error in unserialize(node$con) : error reading from connection
Calls: <Anonymous> ... doTryCatch -> recvData -> recvData.SOCKnode -> unserialize
In addition: Warning message:
In library(package, lib.loc = lib.loc, character.only = TRUE, logical.return = TRUE,  :
  there is no package called 'intmed'
Execution halted
Error in unserialize(node$con) : error reading from connection
Calls: <Anonymous> ... doTryCatch -> recvData -> recvData.SOCKnode -> unserialize
In addition: Warning message:
In library(package, lib.loc = lib.loc, character.only = TRUE, logical.return = TRUE,  :
  there is no package called 'intmed'
Execution halted
Error in unserialize(node$con) : error reading from connection
Calls: <Anonymous> ... doTryCatch -> recvData -> recvData.SOCKnode -> unserialize
In addition: Warning message:
In library(package, lib.loc = lib.loc, character.only = TRUE, logical.return = TRUE,  :
  there is no package called 'intmed'
Execution halted
Error in unserialize(node$con) : error reading from connection
Calls: <Anonymous> ... doTryCatch -> recvData -> recvData.SOCKnode -> unserialize
In addition: Warning message:
In library(package, lib.loc = lib.loc, character.only = TRUE, logical.return = TRUE,  :
  there is no package called 'intmed'
Execution halted
Error in unserialize(node$con) : error reading from connection
Calls: <Anonymous> ... doTryCatch -> recvData -> recvData.SOCKnode -> unserialize
In addition: Warning message:
In library(package, lib.loc = lib.loc, character.only = TRUE, logical.return = TRUE,  :
  there is no package called 'intmed'
Execution halted
Error in unserialize(node$con) : error reading from connection
Calls: <Anonymous> ... doTryCatch -> recvData -> recvData.SOCKnode -> unserialize
In addition: Warning message:
In library(package, lib.loc = lib.loc, character.only = TRUE, logical.return = TRUE,  :
  there is no package called 'intmed'
Execution halted
Error in unserialize(node$con) : error reading from connection
Calls: <Anonymous> ... doTryCatch -> recvData -> recvData.SOCKnode -> unserialize
In addition: Warning message:
In library(package, lib.loc = lib.loc, character.only = TRUE, logical.return = TRUE,  :
  there is no package called 'intmed'
Execution halted
Error in unserialize(node$con) : error reading from connection
Calls: <Anonymous> ... doTryCatch -> recvData -> recvData.SOCKnode -> unserialize
In addition: Warning message:
In library(package, lib.loc = lib.loc, character.only = TRUE, logical.return = TRUE,  :
  there is no package called 'intmed'
Execution halted
Error in unserialize(node$con) : error reading from connection
Calls: <Anonymous> ... doTryCatch -> recvData -> recvData.SOCKnode -> unserialize
In addition: Warning message:
In library(package, lib.loc = lib.loc, character.only = TRUE, logical.return = TRUE,  :
  there is no package called 'intmed'
Execution halted
Error in unserialize(node$con) : error reading from connection
Calls: <Anonymous> ... doTryCatch -> recvData -> recvData.SOCKnode -> unserialize
In addition: Warning message:
In library(package, lib.loc = lib.loc, character.only = TRUE, logical.return = TRUE,  :
  there is no package called 'intmed'
Execution halted
Error in unserialize(node$con) : error reading from connection
Calls: <Anonymous> ... doTryCatch -> recvData -> recvData.SOCKnode -> unserialize
In addition: Warning message:
In library(package, lib.loc = lib.loc, character.only = TRUE, logical.return = TRUE,  :
  there is no package called 'intmed'
Execution halted
Error in unserialize(node$con) : error reading from connection
Calls: <Anonymous> ... doTryCatch -> recvData -> recvData.SOCKnode -> unserialize
In addition: Warning message:
In library(package, lib.loc = lib.loc, character.only = TRUE, logical.return = TRUE,  :
  there is no package called 'intmed'
Execution halted
starting worker pid=17260 on localhost:11327 at 08:25:16.548
starting worker pid=14640 on localhost:11327 at 08:25:16.693
starting worker pid=17604 on localhost:11327 at 08:25:16.843
Warning: namespace 'intmed' is not available and has been replaced
by .GlobalEnv when processing object ''
Loading required package: intmed
Warning: namespace 'intmed' is not available and has been replaced
by .GlobalEnv when processing object ''
Loading required package: intmed
Warning: namespace 'intmed' is not available and has been replaced
by .GlobalEnv when processing object ''
Loading required package: intmed
Warning message:
Warning message:
, lib.loc = lib.loc, character.only = TRUE, logical.return = TRUE,  :
  there is no package called 'intmed'
In library(package, lib.loc = lib.loc, character.only = TRUE, logical.return = TRUE,  :
 In library(package, lib.loc = lib.loc, character.only = TRUE, logical.return = TRUE,  :
 ere is no package called 'intmed'
 there is no package called 'intmed'
starting worker pid=16860 on localhost:11327 at 08:25:29.415
starting worker pid=13752 on localhost:11327 at 08:25:29.630
starting worker pid=28480 on localhost:11327 at 08:25:29.771
Warning: namespace 'intmed' is not available and has been replaced
by .GlobalEnv when processing object ''
Loading required package: intmed
Warning: namespace 'intmed' is not available and has been replaced
by .GlobalEnv when processing object ''
Loading required package: intmed
Warning: namespace 'intmed' is not available and has been replaced
by .GlobalEnv when processing object ''
Loading required package: intmed
Warning message:
Warning message:
In library(package, lib.loc = lib.loc, character.only = TRUE, logical.return = TRUE,  :
  there is no package called 'intmed'
Warning message:
In library(package, lib.loc = lib.loc, character.only = TRUE, logical.return = TRUE,  :
  there is no package called 'intmed'
starting worker pid=29376 on localhost:11327 at 08:25:44.687
starting worker pid=29920 on localhost:11327 at 08:25:44.858
starting worker pid=29084 on localhost:11327 at 08:25:45.091
Warning: namespace 'intmed' is not available and has been replaced
by .GlobalEnv when processing object ''
Loading required package: intmed
Warning: namespace 'intmed' is not available and has been replaced
by .GlobalEnv when processing object ''
Loading required package: intmed
Warning: namespace 'intmed' is not available and has been replaced
by .GlobalEnv when processing object ''
Loading required package: intmed
Warning message:
In library(package, lib.loc = lib.loc, character.only = TRUE, logical.return = TRUE,  :
  there is no package called 'intmed'
In library(package, lib.loc = lib.loc, character.only = TRUE, logical.return = TRUE,  :
  there is no package called 'intmed'
starting worker pid=30220 on localhost:11327 at 08:25:59.712
starting worker pid=28176 on localhost:11327 at 08:25:59.900
starting worker pid=22288 on localhost:11327 at 08:26:00.062
Warning: namespace 'intmed' is not available and has been replaced
by .GlobalEnv when processing object ''
Loading required package: intmed
Warning: namespace 'intmed' is not available and has been replaced
by .GlobalEnv when processing object ''
Loading required package: intmed
Warning: namespace 'intmed' is not available and has been replaced
by .GlobalEnv when processing object ''
Loading required package: intmed
Warning message:
Warning message:
, lib.loc = lib.loc, character.only = TRUE, logical.return = TRUE,  :
  there is no package called 'intmed'
In library(package, lib.loc = lib.loc, character.only = TRUE, logical.return = TRUE,  :In library(package, lib.loc = lib.loc, character.only = TRUE, logical.return = TRUE,  : there is no package called 'intmed'
 there is no package called 'intmed'
starting worker pid=18912 on localhost:11327 at 08:26:15.178
starting worker pid=236 on localhost:11327 at 08:26:15.397
starting worker pid=33560 on localhost:11327 at 08:26:15.557
Warning: namespace 'intmed' is not available and has been replaced
by .GlobalEnv when processing object ''
Loading required package: intmed
Warning: namespace 'intmed' is not available and has been replaced
by .GlobalEnv when processing object ''
Loading required package: intmed
Warning: namespace 'intmed' is not available and has been replaced
by .GlobalEnv when processing object ''
Loading required package: intmed
Warning message:
Warning message:
In library(package, lib.loc = lib.loc, character.only = TRUE, logical.return = TRUE,  :
 library(package, lib.loc = lib.loc, character.only = TRUE, logical.return = TRUE,  :
  there is no package called 'intmed'
In library(package, lib.loc = lib.loc, character.only = TRUE, logical.return = TRUE,  :
  there is no package called 'intmed'
starting worker pid=27008 on localhost:11327 at 08:30:20.275
starting worker pid=436 on localhost:11327 at 08:30:20.441
starting worker pid=7220 on localhost:11327 at 08:30:20.584
Warning: namespace 'intmed' is not available and has been replaced
by .GlobalEnv when processing object ''
Loading required package: intmed
Warning: namespace 'intmed' is not available and has been replaced
by .GlobalEnv when processing object ''
Loading required package: intmed
Warning: namespace 'intmed' is not available and has been replaced
by .GlobalEnv when processing object ''
Loading required package: intmed
Warning message:
In library(package, lib.loc = lib.loc, character.only = TRUE, logical.return = TRUE,  :Warning message:
In library(package, lib.loc = lib.loc, character.only = TRUE, logical.return = TRUE,  :
  there is no package called 'intmed'
 there is no package called 'intmed'
In library(package, lib.loc = lib.loc, character.only = TRUE, logical.return = TRUE,  :
  there is no package called 'intmed'
starting worker pid=24404 on localhost:11327 at 08:30:33.668
starting worker pid=32828 on localhost:11327 at 08:30:33.821
starting worker pid=32800 on localhost:11327 at 08:30:34.029
Warning: namespace 'intmed' is not available and has been replaced
by .GlobalEnv when processing object ''
Loading required package: intmed
Warning: namespace 'intmed' is not available and has been replaced
by .GlobalEnv when processing object ''
Loading required package: intmed
Warning: namespace 'intmed' is not available and has been replaced
by .GlobalEnv when processing object ''
Loading required package: intmed
Warning message:
Warning message:
In library(package, lib.loc = lib.loc, character.only = TRUE, logical.return = TRUE,  :
  there is no package called 'intmed'
In library(package, lib.loc = lib.loc, character.only = TRUE, logical.return = TRUE,  :Warning message:

  there is no package called 'intmed'
In library(package, lib.loc = lib.loc, character.only = TRUE, logical.return = TRUE,  :
  there is no package called 'intmed'
starting worker pid=872 on localhost:11327 at 08:30:47.215
starting worker pid=28496 on localhost:11327 at 08:30:47.512
starting worker pid=24980 on localhost:11327 at 08:30:47.767
Warning: namespace 'intmed' is not available and has been replaced
by .GlobalEnv when processing object ''
Loading required package: intmed
Warning: namespace 'intmed' is not available and has been replaced
by .GlobalEnv when processing object ''
Loading required package: intmed
Warning: namespace 'intmed' is not available and has been replaced
by .GlobalEnv when processing object ''
Loading required package: intmed
Warning message:
In library(package, lib.loc = lib.loc, character.only = TRUE, logical.return = TRUE,  :
 ning message:
 there is no package called 'intmed'
In library(package, lib.loc = lib.loc, character.only = TRUE, logical.return = TRUE,  :
  there is no package called 'intmed'
In library(package, lib.loc = lib.loc, character.only = TRUE, logical.return = TRUE,  :
  there is no package called 'intmed'
starting worker pid=364 on localhost:11327 at 08:31:03.363
starting worker pid=8144 on localhost:11327 at 08:31:03.562
starting worker pid=33556 on localhost:11327 at 08:31:03.718
Warning: namespace 'intmed' is not available and has been replaced
by .GlobalEnv when processing object ''
Loading required package: intmed
Warning: namespace 'intmed' is not available and has been replaced
by .GlobalEnv when processing object ''
Loading required package: intmed
Warning: namespace 'intmed' is not available and has been replaced
by .GlobalEnv when processing object ''
Loading required package: intmed
Warning message:
Warning message:
In library(package, lib.loc = lib.loc, character.only = TRUE, logical.return = TRUE,  :
  there is no package called 'intmed'
Warning message:
, lib.loc = lib.loc, character.only = TRUE, logical.return = TRUE,  :
  there is no package called 'intmed'
In library(package, lib.loc = lib.loc, character.only = TRUE, logical.return = TRUE,  :
  there is no package called 'intmed'
starting worker pid=23536 on localhost:11327 at 08:31:18.315
starting worker pid=15664 on localhost:11327 at 08:31:18.467
starting worker pid=24416 on localhost:11327 at 08:31:18.668
Warning: namespace 'intmed' is not available and has been replaced
by .GlobalEnv when processing object ''
Loading required package: intmed
Warning: namespace 'intmed' is not available and has been replaced
by .GlobalEnv when processing object ''
Loading required package: intmed
Warning: namespace 'intmed' is not available and has been replaced
by .GlobalEnv when processing object ''
Loading required package: intmed
Warning message:
In library(package, lib.loc = lib.loc, character.only = TRUE, logical.return = TRUE,  :
  there is no package called 'intmed'
Warning message:
In library(package, lib.loc = lib.loc, character.only = TRUE, logical.return = TRUE,  :In library(package, lib.loc = lib.loc, character.only = TRUE, logical.return = TRUE,  :
 ere is no package called 'intmed'
 there is no package called 'intmed'
starting worker pid=30676 on localhost:11327 at 08:51:22.461
starting worker pid=32564 on localhost:11327 at 08:51:22.610
starting worker pid=29636 on localhost:11327 at 08:51:22.777
Warning: namespace 'intmed' is not available and has been replaced
by .GlobalEnv when processing object ''
Loading required package: intmed
Warning: namespace 'intmed' is not available and has been replaced
by .GlobalEnv when processing object ''
Loading required package: intmed
Warning: namespace 'intmed' is not available and has been replaced
by .GlobalEnv when processing object ''
Loading required package: intmed
Warning message:
Warning message:
In library(package, lib.loc = lib.loc, character.only = TRUE, logical.return = TRUE,  :
  there is no package called 'intmed'
In library(package, lib.loc = lib.loc, character.only = TRUE, logical.return = TRUE,  :
  there is no package called 'intmed'
In library(package, lib.loc = lib.loc, character.only = TRUE, logical.return = TRUE,  :
  there is no package called 'intmed'
starting worker pid=20824 on localhost:11327 at 08:51:35.453
starting worker pid=16864 on localhost:11327 at 08:51:35.656
starting worker pid=29536 on localhost:11327 at 08:51:35.812
Warning: namespace 'intmed' is not available and has been replaced
by .GlobalEnv when processing object ''
Loading required package: intmed
Warning: namespace 'intmed' is not available and has been replaced
by .GlobalEnv when processing object ''
Loading required package: intmed
Warning: namespace 'intmed' is not available and has been replaced
by .GlobalEnv when processing object ''
Loading required package: intmed
Warning message:
Warning message:
In library(package, lib.loc = lib.loc, character.only = TRUE, logical.return = TRUE,  :
 In library(package, lib.loc = lib.loc, character.only = TRUE, logical.return = TRUE,  :Warning message:
 there is no package called 'intmed'
In library(package, lib.loc = lib.loc, character.only = TRUE, logical.return = TRUE,  :
  there is no package called 'intmed'
starting worker pid=31624 on localhost:11327 at 08:51:48.702
starting worker pid=26800 on localhost:11327 at 08:51:48.975
starting worker pid=12736 on localhost:11327 at 08:51:49.190
Warning: namespace 'intmed' is not available and has been replaced
by .GlobalEnv when processing object ''
Loading required package: intmed
Warning: namespace 'intmed' is not available and has been replaced
by .GlobalEnv when processing object ''
Loading required package: intmed
Warning: namespace 'intmed' is not available and has been replaced
by .GlobalEnv when processing object ''
Loading required package: intmed
Warning message:
In library(package, lib.loc = lib.loc, character.only = TRUE, logical.return = TRUE,  :Warning message:

 library(package, lib.loc = lib.loc, character.only = TRUE, logical.return = TRUE,  :
  there is no package called 'intmed'
 there is no package called 'intmed'
In library(package, lib.loc = lib.loc, character.only = TRUE, logical.return = TRUE,  :
  there is no package called 'intmed'
starting worker pid=6308 on localhost:11327 at 08:52:04.404
starting worker pid=12320 on localhost:11327 at 08:52:04.613
starting worker pid=32320 on localhost:11327 at 08:52:04.766
Warning: namespace 'intmed' is not available and has been replaced
by .GlobalEnv when processing object ''
Loading required package: intmed
Warning: namespace 'intmed' is not available and has been replaced
by .GlobalEnv when processing object ''
Loading required package: intmed
Warning: namespace 'intmed' is not available and has been replaced
by .GlobalEnv when processing object ''
Loading required package: intmed
Warning message:
In library(package, lib.loc = lib.loc, character.only = TRUE, logical.return = TRUE,  :
 Warning message:
ge called 'intmed'
In library(package, lib.loc = lib.loc, character.only = TRUE, logical.return = TRUE,  :
  there is no package called 'intmed'
In library(package, lib.loc = lib.loc, character.only = TRUE, logical.return = TRUE,  :
  there is no package called 'intmed'
starting worker pid=26984 on localhost:11327 at 08:52:19.761
starting worker pid=29960 on localhost:11327 at 08:52:19.942
starting worker pid=32764 on localhost:11327 at 08:52:20.086
Warning: namespace 'intmed' is not available and has been replaced
by .GlobalEnv when processing object ''
Loading required package: intmed
Warning: namespace 'intmed' is not available and has been replaced
by .GlobalEnv when processing object ''
Loading required package: intmed
Warning: namespace 'intmed' is not available and has been replaced
by .GlobalEnv when processing object ''
Loading required package: intmed
Warning message:
Warning message:
In library(package, lib.loc = lib.loc, character.only = TRUE, logical.return = TRUE,  :In library(package, lib.loc = lib.loc, character.only = TRUE, logical.return = TRUE,  :
 ere is no package called 'intmed'
 there is no package called 'intmed'
starting worker pid=33660 on localhost:11327 at 08:55:18.390
starting worker pid=24860 on localhost:11327 at 08:55:18.543
starting worker pid=24512 on localhost:11327 at 08:55:18.692
Warning: namespace 'intmed' is not available and has been replaced
by .GlobalEnv when processing object ''
Loading required package: intmed
Warning: namespace 'intmed' is not available and has been replaced
by .GlobalEnv when processing object ''
Loading required package: intmed
Warning: namespace 'intmed' is not available and has been replaced
by .GlobalEnv when processing object ''
Loading required package: intmed
Warning message:
In library(package, lib.loc = lib.loc, character.only = TRUE, logical.return = TRUE,  :
  there is no package called 'intmed'
Warning message:
In library(package, lib.loc = lib.loc, character.only = TRUE, logical.return = TRUE,  :
  there is no package called 'intmed'
In library(package, lib.loc = lib.loc, character.only = TRUE, logical.return = TRUE,  :
  there is no package called 'intmed'
starting worker pid=31188 on localhost:11327 at 08:55:33.253
starting worker pid=31268 on localhost:11327 at 08:55:33.501
starting worker pid=12200 on localhost:11327 at 08:55:33.672
Warning: namespace 'intmed' is not available and has been replaced
by .GlobalEnv when processing object ''
Loading required package: intmed
Warning: namespace 'intmed' is not available and has been replaced
by .GlobalEnv when processing object ''
Loading required package: intmed
Warning: namespace 'intmed' is not available and has been replaced
by .GlobalEnv when processing object ''
Loading required package: intmed
Warning message:
Warning message:
In library(package, lib.loc = lib.loc, character.only = TRUE, logical.return = TRUE,  :
 In library(package, lib.loc = lib.loc, character.only = TRUE, logical.return = TRUE,  :
  there is no package called 'intmed'
starting worker pid=12348 on localhost:11327 at 08:55:51.314
starting worker pid=33412 on localhost:11327 at 08:55:51.558
starting worker pid=21768 on localhost:11327 at 08:55:51.786
Warning: namespace 'intmed' is not available and has been replaced
by .GlobalEnv when processing object ''
Loading required package: intmed
Warning: namespace 'intmed' is not available and has been replaced
by .GlobalEnv when processing object ''
Loading required package: intmed
Warning: namespace 'intmed' is not available and has been replaced
by .GlobalEnv when processing object ''
Loading required package: intmed
Warning message:
In library(package, lib.loc = lib.loc, character.only = TRUE, logical.return = TRUE,  :
  there is no package called 'intmed'
Warning message:
In library(package, lib.loc = lib.loc, character.only = TRUE, logical.return = TRUE,  :
  there is no package called 'intmed'
In library(package, lib.loc = lib.loc, character.only = TRUE, logical.return = TRUE,  :
  there is no package called 'intmed'
starting worker pid=10936 on localhost:11327 at 08:56:10.665
starting worker pid=23064 on localhost:11327 at 08:56:11.015
starting worker pid=21156 on localhost:11327 at 08:56:11.269
Warning: namespace 'intmed' is not available and has been replaced
by .GlobalEnv when processing object ''
Loading required package: intmed
Warning: namespace 'intmed' is not available and has been replaced
by .GlobalEnv when processing object ''
Loading required package: intmed
Warning: namespace 'intmed' is not available and has been replaced
by .GlobalEnv when processing object ''
Loading required package: intmed
Warning message:
In library(package, lib.loc = lib.loc, character.only = TRUE, logical.return = TRUE,  :
  there is no package called 'intmed'
In library(package, lib.loc = lib.loc, character.only = TRUE, logical.return = TRUE,  :
 library(package, lib.loc = lib.loc, character.only = TRUE, logical.return = TRUE,  :
  there is no package called 'intmed'
 there is no package called 'intmed'
starting worker pid=18844 on localhost:11327 at 08:56:27.918
starting worker pid=13068 on localhost:11327 at 08:56:28.079
starting worker pid=23360 on localhost:11327 at 08:56:28.272
Warning: namespace 'intmed' is not available and has been replaced
by .GlobalEnv when processing object ''
Loading required package: intmed
Warning: namespace 'intmed' is not available and has been replaced
by .GlobalEnv when processing object ''
Loading required package: intmed
Warning: namespace 'intmed' is not available and has been replaced
by .GlobalEnv when processing object ''
Loading required package: intmed
Warning message:
In library(package, lib.loc = lib.loc, character.only = TRUE, logical.return = TRUE,  :
  there is no package called 'intmed'
In library(package, lib.loc = lib.loc, character.only = TRUE, logical.return = TRUE,  :
  there is no package called 'intmed'
